<?xml version="1.0" encoding="UTF-8"?>
<testsuite xmlns:xsi="http://www.w3.org/2001/XMLSchema-instance" xsi:noNamespaceSchemaLocation="https://maven.apache.org/surefire/maven-surefire-plugin/xsd/surefire-test-report-3.0.xsd" version="3.0" name="mylib.CDLLTest" time="0" tests="6" errors="0" skipped="0" failures="0">
  <properties>
[...]
</properties>
  <testcase name="testClear" classname="mylib.CDLLTest" time="0"/>
  <testcase name="testInsertHead" classname="mylib.CDLLTest" time="0"/>
  <testcase name="testInsertTail" classname="mylib.CDLLTest" time="0"/>
  <testcase name="testDeleteHead" classname="mylib.CDLLTest" time="0"/>
  <testcase name="testDeleteTail" classname="mylib.CDLLTest" time="0"/>
  <testcase name="testDelete" classname="mylib.CDLLTest" time="0"/>
</testsuite>